[INFO] Scanning for projects...
[INFO] 
[INFO] ---------------------< com.irctc:booking-service >----------------------
[INFO] Building booking-service 1.0.0
[INFO]   from pom.xml
[INFO] --------------------------------[ jar ]---------------------------------
[INFO] 
[INFO] >>> spring-boot:3.2.0:run (default-cli) > test-compile @ booking-service >>>
[INFO] 
[INFO] --- resources:3.3.1:resources (default-resources) @ booking-service ---
[INFO] Copying 1 resource from src\main\resources to target\classes
[INFO] Copying 0 resource from src\main\resources to target\classes
[INFO] 
[INFO] --- compiler:3.11.0:compile (default-compile) @ booking-service ---
[INFO] Nothing to compile - all classes are up to date
[INFO] 
[INFO] --- resources:3.3.1:testResources (default-testResources) @ booking-service ---
[INFO] skip non existing resourceDirectory C:\Users\Admin\SourceCode\MyTicket-Booking-System\booking-service\src\test\resources
[INFO] 
[INFO] --- compiler:3.11.0:testCompile (default-testCompile) @ booking-service ---
[INFO] No sources to compile
[INFO] 
[INFO] <<< spring-boot:3.2.0:run (default-cli) < test-compile @ booking-service <<<
[INFO] 
[INFO] 
[INFO] --- spring-boot:3.2.0:run (default-cli) @ booking-service ---
[INFO] Attaching agents: []

  .   ____          _            __ _ _
 /\\ / ___'_ __ _ _(_)_ __  __ _ \ \ \ \
( ( )\___ | '_ | '_| | '_ \/ _` | \ \ \ \
 \\/  ___)| |_)| | | | | || (_| |  ) ) ) )
  '  |____| .__|_| |_|_| |_\__, | / / / /
 =========|_|==============|___/=/_/_/_/
 :: Spring Boot ::                (v3.2.0)

2026-05-23T12:39:44.982+05:30  INFO 652 --- [booking-service] [           main] c.i.booking.BookingServiceApplication    : Starting BookingServiceApplication using Java 17.0.12 with PID 652 (C:\Users\Admin\SourceCode\MyTicket-Booking-System\booking-service\target\classes started by Admin in C:\Users\Admin\SourceCode\MyTicket-Booking-System\booking-service)
2026-05-23T12:39:44.987+05:30  INFO 652 --- [booking-service] [           main] c.i.booking.BookingServiceApplication    : No active profile set, falling back to 1 default profile: "default"
2026-05-23T12:39:46.613+05:30  INFO 652 --- [booking-service] [           main] .s.d.r.c.RepositoryConfigurationDelegate : Bootstrapping Spring Data JPA repositories in DEFAULT mode.
2026-05-23T12:39:46.845+05:30  INFO 652 --- [booking-service] [           main] .s.d.r.c.RepositoryConfigurationDelegate : Finished Spring Data repository scanning in 220 ms. Found 1 JPA repository interface.
2026-05-23T12:39:47.216+05:30  INFO 652 --- [booking-service] [           main] o.s.cloud.context.scope.GenericScope     : BeanFactory id=d41de264-a465-3a45-ab4f-8bdc07f4cf1e
2026-05-23T12:39:47.837+05:30  WARN 652 --- [booking-service] [           main] trationDelegate$BeanPostProcessorChecker : Bean 'org.springframework.cloud.client.loadbalancer.LoadBalancerAutoConfiguration$LoadBalancerInterceptorConfig' of type [org.springframework.cloud.client.loadbalancer.LoadBalancerAutoConfiguration$LoadBalancerInterceptorConfig] is not eligible for getting processed by all BeanPostProcessors (for example: not eligible for auto-proxying). The currently created BeanPostProcessor [lbRestClientPostProcessor] is declared through a non-static factory method on that class; consider declaring it as static instead.
2026-05-23T12:39:47.848+05:30  WARN 652 --- [booking-service] [           main] trationDelegate$BeanPostProcessorChecker : Bean 'org.springframework.cloud.loadbalancer.config.BlockingLoadBalancerClientAutoConfiguration' of type [org.springframework.cloud.loadbalancer.config.BlockingLoadBalancerClientAutoConfiguration] is not eligible for getting processed by all BeanPostProcessors (for example: not eligible for auto-proxying). Is this bean getting eagerly injected into a currently created BeanPostProcessor [lbRestClientPostProcessor]? Check the corresponding BeanPostProcessor declaration and its dependencies.
2026-05-23T12:39:47.875+05:30  WARN 652 --- [booking-service] [           main] trationDelegate$BeanPostProcessorChecker : Bean 'org.springframework.cloud.loadbalancer.config.LoadBalancerAutoConfiguration' of type [org.springframework.cloud.loadbalancer.config.LoadBalancerAutoConfiguration] is not eligible for getting processed by all BeanPostProcessors (for example: not eligible for auto-proxying). Is this bean getting eagerly injected into a currently created BeanPostProcessor [lbRestClientPostProcessor]? Check the corresponding BeanPostProcessor declaration and its dependencies.
2026-05-23T12:39:47.897+05:30  WARN 652 --- [booking-service] [           main] trationDelegate$BeanPostProcessorChecker : Bean 'org.springframework.cloud.commons.config.CommonsConfigAutoConfiguration' of type [org.springframework.cloud.commons.config.CommonsConfigAutoConfiguration] is not eligible for getting processed by all BeanPostProcessors (for example: not eligible for auto-proxying). Is this bean getting eagerly injected into a currently created BeanPostProcessor [lbRestClientPostProcessor]? Check the corresponding BeanPostProcessor declaration and its dependencies.
2026-05-23T12:39:47.903+05:30  WARN 652 --- [booking-service] [           main] trationDelegate$BeanPostProcessorChecker : Bean 'org.springframework.cloud.client.loadbalancer.LoadBalancerDefaultMappingsProviderAutoConfiguration' of type [org.springframework.cloud.client.loadbalancer.LoadBalancerDefaultMappingsProviderAutoConfiguration] is not eligible for getting processed by all BeanPostProcessors (for example: not eligible for auto-proxying). Is this bean getting eagerly injected into a currently created BeanPostProcessor [lbRestClientPostProcessor]? Check the corresponding BeanPostProcessor declaration and its dependencies.
2026-05-23T12:39:47.907+05:30  WARN 652 --- [booking-service] [           main] trationDelegate$BeanPostProcessorChecker : Bean 'loadBalancerClientsDefaultsMappingsProvider' of type [org.springframework.cloud.client.loadbalancer.LoadBalancerDefaultMappingsProviderAutoConfiguration$$Lambda$601/0x0000021345471c88] is not eligible for getting processed by all BeanPostProcessors (for example: not eligible for auto-proxying). Is this bean getting eagerly injected into a currently created BeanPostProcessor [lbRestClientPostProcessor]? Check the corresponding BeanPostProcessor declaration and its dependencies.
2026-05-23T12:39:47.914+05:30  WARN 652 --- [booking-service] [           main] trationDelegate$BeanPostProcessorChecker : Bean 'defaultsBindHandlerAdvisor' of type [org.springframework.cloud.commons.config.DefaultsBindHandlerAdvisor] is not eligible for getting processed by all BeanPostProcessors (for example: not eligible for auto-proxying). Is this bean getting eagerly injected into a currently created BeanPostProcessor [lbRestClientPostProcessor]? Check the corresponding BeanPostProcessor declaration and its dependencies.
2026-05-23T12:39:47.928+05:30  WARN 652 --- [booking-service] [           main] trationDelegate$BeanPostProcessorChecker : Bean 'spring.cloud.loadbalancer-org.springframework.cloud.client.loadbalancer.LoadBalancerClientsProperties' of type [org.springframework.cloud.client.loadbalancer.LoadBalancerClientsProperties] is not eligible for getting processed by all BeanPostProcessors (for example: not eligible for auto-proxying). Is this bean getting eagerly injected into a currently created BeanPostProcessor [lbRestClientPostProcessor]? Check the corresponding BeanPostProcessor declaration and its dependencies.
2026-05-23T12:39:47.942+05:30  WARN 652 --- [booking-service] [           main] trationDelegate$BeanPostProcessorChecker : Bean 'default.org.springframework.cloud.loadbalancer.config.LoadBalancerAutoConfiguration.LoadBalancerClientSpecification' of type [org.springframework.cloud.loadbalancer.annotation.LoadBalancerClientSpecification] is not eligible for getting processed by all BeanPostProcessors (for example: not eligible for auto-proxying). Is this bean getting eagerly injected into a currently created BeanPostProcessor [lbRestClientPostProcessor]? Check the corresponding BeanPostProcessor declaration and its dependencies.
2026-05-23T12:39:47.947+05:30  WARN 652 --- [booking-service] [           main] trationDelegate$BeanPostProcessorChecker : Bean 'default.org.springframework.cloud.loadbalancer.config.BlockingLoadBalancerClientAutoConfiguration.LoadBalancerClientSpecification' of type [org.springframework.cloud.loadbalancer.annotation.LoadBalancerClientSpecification] is not eligible for getting processed by all BeanPostProcessors (for example: not eligible for auto-proxying). Is this bean getting eagerly injected into a currently created BeanPostProcessor [lbRestClientPostProcessor]? Check the corresponding BeanPostProcessor declaration and its dependencies.
2026-05-23T12:39:47.949+05:30  WARN 652 --- [booking-service] [           main] trationDelegate$BeanPostProcessorChecker : Bean 'default.org.springframework.cloud.netflix.eureka.loadbalancer.LoadBalancerEurekaAutoConfiguration.LoadBalancerClientSpecification' of type [org.springframework.cloud.loadbalancer.annotation.LoadBalancerClientSpecification] is not eligible for getting processed by all BeanPostProcessors (for example: not eligible for auto-proxying). Is this bean getting eagerly injected into a currently created BeanPostProcessor [lbRestClientPostProcessor]? Check the corresponding BeanPostProcessor declaration and its dependencies.
2026-05-23T12:39:47.953+05:30  WARN 652 --- [booking-service] [           main] trationDelegate$BeanPostProcessorChecker : Bean 'loadBalancerClientFactory' of type [org.springframework.cloud.loadbalancer.support.LoadBalancerClientFactory] is not eligible for getting processed by all BeanPostProcessors (for example: not eligible for auto-proxying). Is this bean getting eagerly injected into a currently created BeanPostProcessor [lbRestClientPostProcessor]? Check the corresponding BeanPostProcessor declaration and its dependencies.
2026-05-23T12:39:47.966+05:30  WARN 652 --- [booking-service] [           main] trationDelegate$BeanPostProcessorChecker : Bean 'blockingLoadBalancerClient' of type [org.springframework.cloud.loadbalancer.blocking.client.BlockingLoadBalancerClient] is not eligible for getting processed by all BeanPostProcessors (for example: not eligible for auto-proxying). Is this bean getting eagerly injected into a currently created BeanPostProcessor [lbRestClientPostProcessor]? Check the corresponding BeanPostProcessor declaration and its dependencies.
2026-05-23T12:39:47.989+05:30  WARN 652 --- [booking-service] [           main] trationDelegate$BeanPostProcessorChecker : Bean 'loadBalancerServiceInstanceCookieTransformer' of type [org.springframework.cloud.loadbalancer.core.LoadBalancerServiceInstanceCookieTransformer] is not eligible for getting processed by all BeanPostProcessors (for example: not eligible for auto-proxying). Is this bean getting eagerly injected into a currently created BeanPostProcessor [lbRestClientPostProcessor]? Check the corresponding BeanPostProcessor declaration and its dependencies.
2026-05-23T12:39:47.993+05:30  WARN 652 --- [booking-service] [           main] trationDelegate$BeanPostProcessorChecker : Bean 'xForwarderHeadersTransformer' of type [org.springframework.cloud.loadbalancer.blocking.XForwardedHeadersTransformer] is not eligible for getting processed by all BeanPostProcessors (for example: not eligible for auto-proxying). Is this bean getting eagerly injected into a currently created BeanPostProcessor [lbRestClientPostProcessor]? Check the corresponding BeanPostProcessor declaration and its dependencies.
2026-05-23T12:39:47.996+05:30  WARN 652 --- [booking-service] [           main] trationDelegate$BeanPostProcessorChecker : Bean 'org.springframework.cloud.client.loadbalancer.LoadBalancerAutoConfiguration' of type [org.springframework.cloud.client.loadbalancer.LoadBalancerAutoConfiguration] is not eligible for getting processed by all BeanPostProcessors (for example: not eligible for auto-proxying). Is this bean getting eagerly injected into a currently created BeanPostProcessor [lbRestClientPostProcessor]? Check the corresponding BeanPostProcessor declaration and its dependencies.
2026-05-23T12:39:48.002+05:30  WARN 652 --- [booking-service] [           main] trationDelegate$BeanPostProcessorChecker : Bean 'loadBalancerRequestFactory' of type [org.springframework.cloud.client.loadbalancer.LoadBalancerRequestFactory] is not eligible for getting processed by all BeanPostProcessors (for example: not eligible for auto-proxying). Is this bean getting eagerly injected into a currently created BeanPostProcessor [lbRestClientPostProcessor]? Check the corresponding BeanPostProcessor declaration and its dependencies.
2026-05-23T12:39:48.006+05:30  WARN 652 --- [booking-service] [           main] trationDelegate$BeanPostProcessorChecker : Bean 'loadBalancerInterceptor' of type [org.springframework.cloud.client.loadbalancer.LoadBalancerInterceptor] is not eligible for getting processed by all BeanPostProcessors (for example: not eligible for auto-proxying). Is this bean getting eagerly injected into a currently created BeanPostProcessor [lbRestClientPostProcessor]? Check the corresponding BeanPostProcessor declaration and its dependencies.
2026-05-23T12:39:48.831+05:30  INFO 652 --- [booking-service] [           main] o.s.b.w.embedded.tomcat.TomcatWebServer  : Tomcat initialized with port 8083 (http)
2026-05-23T12:39:48.859+05:30  INFO 652 --- [booking-service] [           main] o.apache.catalina.core.StandardService   : Starting service [Tomcat]
2026-05-23T12:39:48.860+05:30  INFO 652 --- [booking-service] [           main] o.apache.catalina.core.StandardEngine    : Starting Servlet engine: [Apache Tomcat/10.1.16]
2026-05-23T12:39:49.007+05:30  INFO 652 --- [booking-service] [           main] o.a.c.c.C.[Tomcat].[localhost].[/]       : Initializing Spring embedded WebApplicationContext
2026-05-23T12:39:49.010+05:30  INFO 652 --- [booking-service] [           main] w.s.c.ServletWebServerApplicationContext : Root WebApplicationContext: initialization completed in 3948 ms
2026-05-23T12:39:49.276+05:30  INFO 652 --- [booking-service] [           main] com.zaxxer.hikari.HikariDataSource       : HikariPool-1 - Starting...
2026-05-23T12:39:49.693+05:30  INFO 652 --- [booking-service] [           main] com.zaxxer.hikari.pool.HikariPool        : HikariPool-1 - Added connection conn0: url=jdbc:h2:mem:ticket_booking_bookings user=SA
2026-05-23T12:39:49.706+05:30  INFO 652 --- [booking-service] [           main] com.zaxxer.hikari.HikariDataSource       : HikariPool-1 - Start completed.
2026-05-23T12:39:49.725+05:30  INFO 652 --- [booking-service] [           main] o.s.b.a.h2.H2ConsoleAutoConfiguration    : H2 console available at '/h2-console'. Database available at 'jdbc:h2:mem:ticket_booking_bookings'
2026-05-23T12:39:50.184+05:30  INFO 652 --- [booking-service] [           main] o.hibernate.jpa.internal.util.LogHelper  : HHH000204: Processing PersistenceUnitInfo [name: default]
2026-05-23T12:39:50.310+05:30  INFO 652 --- [booking-service] [           main] org.hibernate.Version                    : HHH000412: Hibernate ORM core version 6.3.1.Final
2026-05-23T12:39:50.401+05:30  INFO 652 --- [booking-service] [           main] o.h.c.internal.RegionFactoryInitiator    : HHH000026: Second-level cache disabled
2026-05-23T12:39:51.090+05:30  INFO 652 --- [booking-service] [           main] o.s.o.j.p.SpringPersistenceUnitInfo      : No LoadTimeWeaver setup: ignoring JPA class transformer
2026-05-23T12:39:51.194+05:30  WARN 652 --- [booking-service] [           main] org.hibernate.orm.deprecation            : HHH90000025: H2Dialect does not need to be specified explicitly using 'hibernate.dialect' (remove the property setting and it will be selected by default)
2026-05-23T12:39:53.324+05:30  INFO 652 --- [booking-service] [           main] o.h.e.t.j.p.i.JtaPlatformInitiator       : HHH000489: No JTA platform available (set 'hibernate.transaction.jta.platform' to enable JTA platform integration)
Hibernate: 
    create table bookings (
        id bigint generated by default as identity,
        booking_date timestamp(6) not null,
        seats_booked integer not null,
        status varchar(255) not null check (status in ('PENDING','CONFIRMED','CANCELLED')),
        total_fare float(53) not null,
        train_id bigint not null,
        user_id bigint not null,
        primary key (id)
    )
2026-05-23T12:39:53.476+05:30  INFO 652 --- [booking-service] [           main] j.LocalContainerEntityManagerFactoryBean : Initialized JPA EntityManagerFactory for persistence unit 'default'
2026-05-23T12:39:54.527+05:30  WARN 652 --- [booking-service] [           main] JpaBaseConfiguration$JpaWebConfiguration : spring.jpa.open-in-view is enabled by default. Therefore, database queries may be performed during view rendering. Explicitly configure spring.jpa.open-in-view to disable this warning
2026-05-23T12:39:54.707+05:30  INFO 652 --- [booking-service] [           main] o.s.c.openfeign.FeignClientFactoryBean   : For 'train-service' URL not provided. Will try picking an instance via load-balancing.
2026-05-23T12:39:54.809+05:30  INFO 652 --- [booking-service] [           main] o.s.c.openfeign.FeignClientFactoryBean   : For 'user-service' URL not provided. Will try picking an instance via load-balancing.
2026-05-23T12:39:57.097+05:30  INFO 652 --- [booking-service] [           main] DiscoveryClientOptionalArgsConfiguration : Eureka HTTP Client uses RestTemplate.
2026-05-23T12:39:57.205+05:30  WARN 652 --- [booking-service] [           main] iguration$LoadBalancerCaffeineWarnLogger : Spring Cloud LoadBalancer is currently working with the default cache. While this cache implementation is useful for development and tests, it's recommended to use Caffeine cache in production.You can switch to using Caffeine cache, by adding it and org.springframework.cache.caffeine.CaffeineCacheManager to the classpath.
2026-05-23T12:39:57.246+05:30  INFO 652 --- [booking-service] [           main] o.s.b.a.e.web.EndpointLinksResolver      : Exposing 2 endpoint(s) beneath base path '/actuator'
2026-05-23T12:39:57.392+05:30  INFO 652 --- [booking-service] [           main] o.s.c.n.eureka.InstanceInfoFactory       : Setting initial instance status as: STARTING
2026-05-23T12:39:57.525+05:30  INFO 652 --- [booking-service] [           main] com.netflix.discovery.DiscoveryClient    : Initializing Eureka in region us-east-1
2026-05-23T12:39:57.534+05:30  INFO 652 --- [booking-service] [           main] c.n.d.s.r.aws.ConfigClusterResolver      : Resolving eureka endpoints via configuration
2026-05-23T12:39:57.580+05:30  INFO 652 --- [booking-service] [           main] com.netflix.discovery.DiscoveryClient    : Disable delta property : false
2026-05-23T12:39:57.581+05:30  INFO 652 --- [booking-service] [           main] com.netflix.discovery.DiscoveryClient    : Single vip registry refresh property : null
2026-05-23T12:39:57.581+05:30  INFO 652 --- [booking-service] [           main] com.netflix.discovery.DiscoveryClient    : Force full registry fetch : false
2026-05-23T12:39:57.582+05:30  INFO 652 --- [booking-service] [           main] com.netflix.discovery.DiscoveryClient    : Application is null : false
2026-05-23T12:39:57.583+05:30  INFO 652 --- [booking-service] [           main] com.netflix.discovery.DiscoveryClient    : Registered Applications size is zero : true
2026-05-23T12:39:57.583+05:30  INFO 652 --- [booking-service] [           main] com.netflix.discovery.DiscoveryClient    : Application version is -1: true
2026-05-23T12:39:57.583+05:30  INFO 652 --- [booking-service] [           main] com.netflix.discovery.DiscoveryClient    : Getting all instance registry info from the eureka server
2026-05-23T12:39:58.272+05:30  INFO 652 --- [booking-service] [           main] com.netflix.discovery.DiscoveryClient    : The response status is 200
2026-05-23T12:39:58.286+05:30  INFO 652 --- [booking-service] [           main] com.netflix.discovery.DiscoveryClient    : Starting heartbeat executor: renew interval is: 30
2026-05-23T12:39:58.291+05:30  INFO 652 --- [booking-service] [           main] c.n.discovery.InstanceInfoReplicator     : InstanceInfoReplicator onDemand update allowed rate per min is 4
2026-05-23T12:39:58.298+05:30  INFO 652 --- [booking-service] [           main] com.netflix.discovery.DiscoveryClient    : Discovery Client initialized at timestamp 1779520198297 with initial instances count: 1
2026-05-23T12:39:58.314+05:30  INFO 652 --- [booking-service] [           main] o.s.c.n.e.s.EurekaServiceRegistry        : Registering application BOOKING-SERVICE with eureka with status UP
2026-05-23T12:39:58.315+05:30  INFO 652 --- [booking-service] [           main] com.netflix.discovery.DiscoveryClient    : Saw local status change event StatusChangeEvent [timestamp=1779520198315, current=UP, previous=STARTING]
2026-05-23T12:39:58.318+05:30  INFO 652 --- [booking-service] [nfoReplicator-0] com.netflix.discovery.DiscoveryClient    : DiscoveryClient_BOOKING-SERVICE/booking-service:8083: registering service...
2026-05-23T12:39:58.366+05:30  INFO 652 --- [booking-service] [           main] o.s.b.w.embedded.tomcat.TomcatWebServer  : Tomcat started on port 8083 (http) with context path ''
2026-05-23T12:39:58.368+05:30  INFO 652 --- [booking-service] [           main] .s.c.n.e.s.EurekaAutoServiceRegistration : Updating port to 8083
2026-05-23T12:39:58.402+05:30  INFO 652 --- [booking-service] [nfoReplicator-0] com.netflix.discovery.DiscoveryClient    : DiscoveryClient_BOOKING-SERVICE/booking-service:8083 - registration status: 204
2026-05-23T12:39:58.624+05:30  INFO 652 --- [booking-service] [           main] c.i.booking.BookingServiceApplication    : Started BookingServiceApplication in 14.847 seconds (process running for 15.804)
2026-05-23T12:41:05.667+05:30  INFO 652 --- [booking-service] [nio-8083-exec-1] o.a.c.c.C.[Tomcat].[localhost].[/]       : Initializing Spring DispatcherServlet 'dispatcherServlet'
2026-05-23T12:41:05.667+05:30  INFO 652 --- [booking-service] [nio-8083-exec-1] o.s.web.servlet.DispatcherServlet        : Initializing Servlet 'dispatcherServlet'
2026-05-23T12:41:05.670+05:30  INFO 652 --- [booking-service] [nio-8083-exec-1] o.s.web.servlet.DispatcherServlet        : Completed initialization in 3 ms
2026-05-23T12:41:05.761+05:30  INFO 652 --- [booking-service] [nio-8083-exec-1] c.i.b.controller.BookingController       : POST /bookings - userId=1, trainId=1
2026-05-23T12:41:05.772+05:30  INFO 652 --- [booking-service] [nio-8083-exec-1] c.i.booking.service.BookingServiceImpl   : Creating booking for userId=1, trainId=1, seats=2
Hibernate: 
    insert 
    into
        bookings
        (booking_date, seats_booked, status, total_fare, train_id, user_id, id) 
    values
        (?, ?, ?, ?, ?, ?, default)
2026-05-23T12:41:05.940+05:30  INFO 652 --- [booking-service] [nio-8083-exec-1] c.i.booking.service.BookingServiceImpl   : Booking saved with ID: 1
2026-05-23T12:41:06.026+05:30  INFO 652 --- [booking-service] [nio-8083-exec-2] c.i.b.controller.BookingController       : GET /bookings - Fetching all bookings
Hibernate: 
    select
        b1_0.id,
        b1_0.booking_date,
        b1_0.seats_booked,
        b1_0.status,
        b1_0.total_fare,
        b1_0.train_id,
        b1_0.user_id 
    from
        bookings b1_0
2026-05-23T12:41:06.153+05:30  INFO 652 --- [booking-service] [nio-8083-exec-3] c.i.b.controller.BookingController       : GET /bookings/1 - Fetching booking
Hibernate: 
    select
        b1_0.id,
        b1_0.booking_date,
        b1_0.seats_booked,
        b1_0.status,
        b1_0.total_fare,
        b1_0.train_id,
        b1_0.user_id 
    from
        bookings b1_0 
    where
        b1_0.id=?
2026-05-23T12:41:06.704+05:30  INFO 652 --- [booking-service] [nio-8083-exec-4] c.i.b.controller.BookingController       : PUT /bookings/1/cancel - Cancelling booking
Hibernate: 
    select
        b1_0.id,
        b1_0.booking_date,
        b1_0.seats_booked,
        b1_0.status,
        b1_0.total_fare,
        b1_0.train_id,
        b1_0.user_id 
    from
        bookings b1_0 
    where
        b1_0.id=?
2026-05-23T12:41:06.708+05:30  INFO 652 --- [booking-service] [nio-8083-exec-4] c.i.booking.service.BookingServiceImpl   : Booking 1 cancelled
Hibernate: 
    update
        bookings 
    set
        seats_booked=?,
        status=?,
        total_fare=?,
        train_id=?,
        user_id=? 
    where
        id=?
[INFO] ------------------------------------------------------------------------
[INFO] BUILD FAILURE
[INFO] ------------------------------------------------------------------------
[INFO] Total time:  01:30 min
[INFO] Finished at: 2026-05-23T12:41:08+05:30
[INFO] ------------------------------------------------------------------------
[ERROR] Failed to execute goal org.springframework.boot:spring-boot-maven-plugin:3.2.0:run (default-cli) on project booking-service: Process terminated with exit code: -1 -> [Help 1]
[ERROR] 
[ERROR] To see the full stack trace of the errors, re-run Maven with the -e switch.
[ERROR] Re-run Maven using the -X switch to enable full debug logging.
[ERROR] 
[ERROR] For more information about the errors and possible solutions, please read the following articles:
[ERROR] [Help 1] http://cwiki.apache.org/confluence/display/MAVEN/MojoExecutionException
