[INFO] Scanning for projects...
[INFO] 
[INFO] ---------------------< com.irctc:payment-service >----------------------
[INFO] Building payment-service 1.0.0
[INFO]   from pom.xml
[INFO] --------------------------------[ jar ]---------------------------------
[INFO] 
[INFO] >>> spring-boot:3.2.0:run (default-cli) > test-compile @ payment-service >>>
[INFO] 
[INFO] --- resources:3.3.1:resources (default-resources) @ payment-service ---
[INFO] Copying 1 resource from src\main\resources to target\classes
[INFO] Copying 0 resource from src\main\resources to target\classes
[INFO] 
[INFO] --- compiler:3.11.0:compile (default-compile) @ payment-service ---
[INFO] Nothing to compile - all classes are up to date
[INFO] 
[INFO] --- resources:3.3.1:testResources (default-testResources) @ payment-service ---
[INFO] skip non existing resourceDirectory C:\Users\Admin\SourceCode\MyTicket-Booking-System\payment-service\src\test\resources
[INFO] 
[INFO] --- compiler:3.11.0:testCompile (default-testCompile) @ payment-service ---
[INFO] No sources to compile
[INFO] 
[INFO] <<< spring-boot:3.2.0:run (default-cli) < test-compile @ payment-service <<<
[INFO] 
[INFO] 
[INFO] --- spring-boot:3.2.0:run (default-cli) @ payment-service ---
[INFO] Attaching agents: []

  .   ____          _            __ _ _
 /\\ / ___'_ __ _ _(_)_ __  __ _ \ \ \ \
( ( )\___ | '_ | '_| | '_ \/ _` | \ \ \ \
 \\/  ___)| |_)| | | | | || (_| |  ) ) ) )
  '  |____| .__|_| |_|_| |_\__, | / / / /
 =========|_|==============|___/=/_/_/_/
 :: Spring Boot ::                (v3.2.0)

2026-05-23T12:39:56.676+05:30  INFO 1372 --- [payment-service] [           main] c.i.payment.PaymentServiceApplication    : Starting PaymentServiceApplication using Java 17.0.12 with PID 1372 (C:\Users\Admin\SourceCode\MyTicket-Booking-System\payment-service\target\classes started by Admin in C:\Users\Admin\SourceCode\MyTicket-Booking-System\payment-service)
2026-05-23T12:39:56.681+05:30  INFO 1372 --- [payment-service] [           main] c.i.payment.PaymentServiceApplication    : No active profile set, falling back to 1 default profile: "default"
2026-05-23T12:39:58.367+05:30  INFO 1372 --- [payment-service] [           main] .s.d.r.c.RepositoryConfigurationDelegate : Bootstrapping Spring Data JPA repositories in DEFAULT mode.
2026-05-23T12:39:58.627+05:30  INFO 1372 --- [payment-service] [           main] .s.d.r.c.RepositoryConfigurationDelegate : Finished Spring Data repository scanning in 242 ms. Found 1 JPA repository interface.
2026-05-23T12:39:58.941+05:30  INFO 1372 --- [payment-service] [           main] o.s.cloud.context.scope.GenericScope     : BeanFactory id=d551fa64-82ad-3ff9-98aa-e7553d0aee08
2026-05-23T12:39:59.333+05:30  WARN 1372 --- [payment-service] [           main] trationDelegate$BeanPostProcessorChecker : Bean 'org.springframework.cloud.client.loadbalancer.LoadBalancerAutoConfiguration$LoadBalancerInterceptorConfig' of type [org.springframework.cloud.client.loadbalancer.LoadBalancerAutoConfiguration$LoadBalancerInterceptorConfig] is not eligible for getting processed by all BeanPostProcessors (for example: not eligible for auto-proxying). The currently created BeanPostProcessor [lbRestClientPostProcessor] is declared through a non-static factory method on that class; consider declaring it as static instead.
2026-05-23T12:39:59.347+05:30  WARN 1372 --- [payment-service] [           main] trationDelegate$BeanPostProcessorChecker : Bean 'org.springframework.cloud.loadbalancer.config.BlockingLoadBalancerClientAutoConfiguration' of type [org.springframework.cloud.loadbalancer.config.BlockingLoadBalancerClientAutoConfiguration] is not eligible for getting processed by all BeanPostProcessors (for example: not eligible for auto-proxying). Is this bean getting eagerly injected into a currently created BeanPostProcessor [lbRestClientPostProcessor]? Check the corresponding BeanPostProcessor declaration and its dependencies.
2026-05-23T12:39:59.351+05:30  WARN 1372 --- [payment-service] [           main] trationDelegate$BeanPostProcessorChecker : Bean 'org.springframework.cloud.loadbalancer.config.LoadBalancerAutoConfiguration' of type [org.springframework.cloud.loadbalancer.config.LoadBalancerAutoConfiguration] is not eligible for getting processed by all BeanPostProcessors (for example: not eligible for auto-proxying). Is this bean getting eagerly injected into a currently created BeanPostProcessor [lbRestClientPostProcessor]? Check the corresponding BeanPostProcessor declaration and its dependencies.
2026-05-23T12:39:59.365+05:30  WARN 1372 --- [payment-service] [           main] trationDelegate$BeanPostProcessorChecker : Bean 'org.springframework.cloud.commons.config.CommonsConfigAutoConfiguration' of type [org.springframework.cloud.commons.config.CommonsConfigAutoConfiguration] is not eligible for getting processed by all BeanPostProcessors (for example: not eligible for auto-proxying). Is this bean getting eagerly injected into a currently created BeanPostProcessor [lbRestClientPostProcessor]? Check the corresponding BeanPostProcessor declaration and its dependencies.
2026-05-23T12:39:59.368+05:30  WARN 1372 --- [payment-service] [           main] trationDelegate$BeanPostProcessorChecker : Bean 'org.springframework.cloud.client.loadbalancer.LoadBalancerDefaultMappingsProviderAutoConfiguration' of type [org.springframework.cloud.client.loadbalancer.LoadBalancerDefaultMappingsProviderAutoConfiguration] is not eligible for getting processed by all BeanPostProcessors (for example: not eligible for auto-proxying). Is this bean getting eagerly injected into a currently created BeanPostProcessor [lbRestClientPostProcessor]? Check the corresponding BeanPostProcessor declaration and its dependencies.
2026-05-23T12:39:59.372+05:30  WARN 1372 --- [payment-service] [           main] trationDelegate$BeanPostProcessorChecker : Bean 'loadBalancerClientsDefaultsMappingsProvider' of type [org.springframework.cloud.client.loadbalancer.LoadBalancerDefaultMappingsProviderAutoConfiguration$$Lambda$600/0x000002ee934687b0] is not eligible for getting processed by all BeanPostProcessors (for example: not eligible for auto-proxying). Is this bean getting eagerly injected into a currently created BeanPostProcessor [lbRestClientPostProcessor]? Check the corresponding BeanPostProcessor declaration and its dependencies.
2026-05-23T12:39:59.378+05:30  WARN 1372 --- [payment-service] [           main] trationDelegate$BeanPostProcessorChecker : Bean 'defaultsBindHandlerAdvisor' of type [org.springframework.cloud.commons.config.DefaultsBindHandlerAdvisor] is not eligible for getting processed by all BeanPostProcessors (for example: not eligible for auto-proxying). Is this bean getting eagerly injected into a currently created BeanPostProcessor [lbRestClientPostProcessor]? Check the corresponding BeanPostProcessor declaration and its dependencies.
2026-05-23T12:39:59.386+05:30  WARN 1372 --- [payment-service] [           main] trationDelegate$BeanPostProcessorChecker : Bean 'spring.cloud.loadbalancer-org.springframework.cloud.client.loadbalancer.LoadBalancerClientsProperties' of type [org.springframework.cloud.client.loadbalancer.LoadBalancerClientsProperties] is not eligible for getting processed by all BeanPostProcessors (for example: not eligible for auto-proxying). Is this bean getting eagerly injected into a currently created BeanPostProcessor [lbRestClientPostProcessor]? Check the corresponding BeanPostProcessor declaration and its dependencies.
2026-05-23T12:39:59.396+05:30  WARN 1372 --- [payment-service] [           main] trationDelegate$BeanPostProcessorChecker : Bean 'default.org.springframework.cloud.loadbalancer.config.LoadBalancerAutoConfiguration.LoadBalancerClientSpecification' of type [org.springframework.cloud.loadbalancer.annotation.LoadBalancerClientSpecification] is not eligible for getting processed by all BeanPostProcessors (for example: not eligible for auto-proxying). Is this bean getting eagerly injected into a currently created BeanPostProcessor [lbRestClientPostProcessor]? Check the corresponding BeanPostProcessor declaration and its dependencies.
2026-05-23T12:39:59.399+05:30  WARN 1372 --- [payment-service] [           main] trationDelegate$BeanPostProcessorChecker : Bean 'default.org.springframework.cloud.loadbalancer.config.BlockingLoadBalancerClientAutoConfiguration.LoadBalancerClientSpecification' of type [org.springframework.cloud.loadbalancer.annotation.LoadBalancerClientSpecification] is not eligible for getting processed by all BeanPostProcessors (for example: not eligible for auto-proxying). Is this bean getting eagerly injected into a currently created BeanPostProcessor [lbRestClientPostProcessor]? Check the corresponding BeanPostProcessor declaration and its dependencies.
2026-05-23T12:39:59.400+05:30  WARN 1372 --- [payment-service] [           main] trationDelegate$BeanPostProcessorChecker : Bean 'default.org.springframework.cloud.netflix.eureka.loadbalancer.LoadBalancerEurekaAutoConfiguration.LoadBalancerClientSpecification' of type [org.springframework.cloud.loadbalancer.annotation.LoadBalancerClientSpecification] is not eligible for getting processed by all BeanPostProcessors (for example: not eligible for auto-proxying). Is this bean getting eagerly injected into a currently created BeanPostProcessor [lbRestClientPostProcessor]? Check the corresponding BeanPostProcessor declaration and its dependencies.
2026-05-23T12:39:59.402+05:30  WARN 1372 --- [payment-service] [           main] trationDelegate$BeanPostProcessorChecker : Bean 'loadBalancerClientFactory' of type [org.springframework.cloud.loadbalancer.support.LoadBalancerClientFactory] is not eligible for getting processed by all BeanPostProcessors (for example: not eligible for auto-proxying). Is this bean getting eagerly injected into a currently created BeanPostProcessor [lbRestClientPostProcessor]? Check the corresponding BeanPostProcessor declaration and its dependencies.
2026-05-23T12:39:59.412+05:30  WARN 1372 --- [payment-service] [           main] trationDelegate$BeanPostProcessorChecker : Bean 'blockingLoadBalancerClient' of type [org.springframework.cloud.loadbalancer.blocking.client.BlockingLoadBalancerClient] is not eligible for getting processed by all BeanPostProcessors (for example: not eligible for auto-proxying). Is this bean getting eagerly injected into a currently created BeanPostProcessor [lbRestClientPostProcessor]? Check the corresponding BeanPostProcessor declaration and its dependencies.
2026-05-23T12:39:59.423+05:30  WARN 1372 --- [payment-service] [           main] trationDelegate$BeanPostProcessorChecker : Bean 'loadBalancerServiceInstanceCookieTransformer' of type [org.springframework.cloud.loadbalancer.core.LoadBalancerServiceInstanceCookieTransformer] is not eligible for getting processed by all BeanPostProcessors (for example: not eligible for auto-proxying). Is this bean getting eagerly injected into a currently created BeanPostProcessor [lbRestClientPostProcessor]? Check the corresponding BeanPostProcessor declaration and its dependencies.
2026-05-23T12:39:59.426+05:30  WARN 1372 --- [payment-service] [           main] trationDelegate$BeanPostProcessorChecker : Bean 'xForwarderHeadersTransformer' of type [org.springframework.cloud.loadbalancer.blocking.XForwardedHeadersTransformer] is not eligible for getting processed by all BeanPostProcessors (for example: not eligible for auto-proxying). Is this bean getting eagerly injected into a currently created BeanPostProcessor [lbRestClientPostProcessor]? Check the corresponding BeanPostProcessor declaration and its dependencies.
2026-05-23T12:39:59.429+05:30  WARN 1372 --- [payment-service] [           main] trationDelegate$BeanPostProcessorChecker : Bean 'org.springframework.cloud.client.loadbalancer.LoadBalancerAutoConfiguration' of type [org.springframework.cloud.client.loadbalancer.LoadBalancerAutoConfiguration] is not eligible for getting processed by all BeanPostProcessors (for example: not eligible for auto-proxying). Is this bean getting eagerly injected into a currently created BeanPostProcessor [lbRestClientPostProcessor]? Check the corresponding BeanPostProcessor declaration and its dependencies.
2026-05-23T12:39:59.433+05:30  WARN 1372 --- [payment-service] [           main] trationDelegate$BeanPostProcessorChecker : Bean 'loadBalancerRequestFactory' of type [org.springframework.cloud.client.loadbalancer.LoadBalancerRequestFactory] is not eligible for getting processed by all BeanPostProcessors (for example: not eligible for auto-proxying). Is this bean getting eagerly injected into a currently created BeanPostProcessor [lbRestClientPostProcessor]? Check the corresponding BeanPostProcessor declaration and its dependencies.
2026-05-23T12:39:59.435+05:30  WARN 1372 --- [payment-service] [           main] trationDelegate$BeanPostProcessorChecker : Bean 'loadBalancerInterceptor' of type [org.springframework.cloud.client.loadbalancer.LoadBalancerInterceptor] is not eligible for getting processed by all BeanPostProcessors (for example: not eligible for auto-proxying). Is this bean getting eagerly injected into a currently created BeanPostProcessor [lbRestClientPostProcessor]? Check the corresponding BeanPostProcessor declaration and its dependencies.
2026-05-23T12:39:59.844+05:30  INFO 1372 --- [payment-service] [           main] o.s.b.w.embedded.tomcat.TomcatWebServer  : Tomcat initialized with port 8084 (http)
2026-05-23T12:39:59.866+05:30  INFO 1372 --- [payment-service] [           main] o.apache.catalina.core.StandardService   : Starting service [Tomcat]
2026-05-23T12:39:59.867+05:30  INFO 1372 --- [payment-service] [           main] o.apache.catalina.core.StandardEngine    : Starting Servlet engine: [Apache Tomcat/10.1.16]
2026-05-23T12:39:59.954+05:30  INFO 1372 --- [payment-service] [           main] o.a.c.c.C.[Tomcat].[localhost].[/]       : Initializing Spring embedded WebApplicationContext
2026-05-23T12:39:59.956+05:30  INFO 1372 --- [payment-service] [           main] w.s.c.ServletWebServerApplicationContext : Root WebApplicationContext: initialization completed in 3202 ms
2026-05-23T12:40:00.123+05:30  INFO 1372 --- [payment-service] [           main] com.zaxxer.hikari.HikariDataSource       : HikariPool-1 - Starting...
2026-05-23T12:40:00.374+05:30  INFO 1372 --- [payment-service] [           main] com.zaxxer.hikari.pool.HikariPool        : HikariPool-1 - Added connection conn0: url=jdbc:h2:mem:ticket_booking_payments user=SA
2026-05-23T12:40:00.384+05:30  INFO 1372 --- [payment-service] [           main] com.zaxxer.hikari.HikariDataSource       : HikariPool-1 - Start completed.
2026-05-23T12:40:00.391+05:30  INFO 1372 --- [payment-service] [           main] o.s.b.a.h2.H2ConsoleAutoConfiguration    : H2 console available at '/h2-console'. Database available at 'jdbc:h2:mem:ticket_booking_payments'
2026-05-23T12:40:00.674+05:30  INFO 1372 --- [payment-service] [           main] o.hibernate.jpa.internal.util.LogHelper  : HHH000204: Processing PersistenceUnitInfo [name: default]
2026-05-23T12:40:00.740+05:30  INFO 1372 --- [payment-service] [           main] org.hibernate.Version                    : HHH000412: Hibernate ORM core version 6.3.1.Final
2026-05-23T12:40:00.788+05:30  INFO 1372 --- [payment-service] [           main] o.h.c.internal.RegionFactoryInitiator    : HHH000026: Second-level cache disabled
2026-05-23T12:40:01.056+05:30  INFO 1372 --- [payment-service] [           main] o.s.o.j.p.SpringPersistenceUnitInfo      : No LoadTimeWeaver setup: ignoring JPA class transformer
2026-05-23T12:40:01.121+05:30  WARN 1372 --- [payment-service] [           main] org.hibernate.orm.deprecation            : HHH90000025: H2Dialect does not need to be specified explicitly using 'hibernate.dialect' (remove the property setting and it will be selected by default)
2026-05-23T12:40:02.008+05:30  INFO 1372 --- [payment-service] [           main] o.h.e.t.j.p.i.JtaPlatformInitiator       : HHH000489: No JTA platform available (set 'hibernate.transaction.jta.platform' to enable JTA platform integration)
Hibernate: 
    create table payments (
        id bigint generated by default as identity,
        amount float(53) not null,
        booking_id bigint not null,
        payment_date timestamp(6) not null,
        payment_mode varchar(255) not null check (payment_mode in ('UPI','CREDIT_CARD','DEBIT_CARD','NET_BANKING','WALLET')),
        payment_status varchar(255) not null check (payment_status in ('PENDING','SUCCESS','FAILED','REFUNDED')),
        transaction_id varchar(255),
        primary key (id)
    )
Hibernate: 
    alter table if exists payments 
       drop constraint if exists UK_lryndveuwa4k5qthti0pkmtlx
Hibernate: 
    alter table if exists payments 
       add constraint UK_lryndveuwa4k5qthti0pkmtlx unique (transaction_id)
2026-05-23T12:40:02.097+05:30  INFO 1372 --- [payment-service] [           main] j.LocalContainerEntityManagerFactoryBean : Initialized JPA EntityManagerFactory for persistence unit 'default'
2026-05-23T12:40:02.672+05:30  WARN 1372 --- [payment-service] [           main] JpaBaseConfiguration$JpaWebConfiguration : spring.jpa.open-in-view is enabled by default. Therefore, database queries may be performed during view rendering. Explicitly configure spring.jpa.open-in-view to disable this warning
2026-05-23T12:40:04.093+05:30  INFO 1372 --- [payment-service] [           main] DiscoveryClientOptionalArgsConfiguration : Eureka HTTP Client uses RestTemplate.
2026-05-23T12:40:04.159+05:30  WARN 1372 --- [payment-service] [           main] iguration$LoadBalancerCaffeineWarnLogger : Spring Cloud LoadBalancer is currently working with the default cache. While this cache implementation is useful for development and tests, it's recommended to use Caffeine cache in production.You can switch to using Caffeine cache, by adding it and org.springframework.cache.caffeine.CaffeineCacheManager to the classpath.
2026-05-23T12:40:04.181+05:30  INFO 1372 --- [payment-service] [           main] o.s.b.a.e.web.EndpointLinksResolver      : Exposing 2 endpoint(s) beneath base path '/actuator'
2026-05-23T12:40:04.270+05:30  INFO 1372 --- [payment-service] [           main] o.s.c.n.eureka.InstanceInfoFactory       : Setting initial instance status as: STARTING
2026-05-23T12:40:04.357+05:30  INFO 1372 --- [payment-service] [           main] com.netflix.discovery.DiscoveryClient    : Initializing Eureka in region us-east-1
2026-05-23T12:40:04.357+05:30  INFO 1372 --- [payment-service] [           main] c.n.d.s.r.aws.ConfigClusterResolver      : Resolving eureka endpoints via configuration
2026-05-23T12:40:04.389+05:30  INFO 1372 --- [payment-service] [           main] com.netflix.discovery.DiscoveryClient    : Disable delta property : false
2026-05-23T12:40:04.389+05:30  INFO 1372 --- [payment-service] [           main] com.netflix.discovery.DiscoveryClient    : Single vip registry refresh property : null
2026-05-23T12:40:04.389+05:30  INFO 1372 --- [payment-service] [           main] com.netflix.discovery.DiscoveryClient    : Force full registry fetch : false
2026-05-23T12:40:04.389+05:30  INFO 1372 --- [payment-service] [           main] com.netflix.discovery.DiscoveryClient    : Application is null : false
2026-05-23T12:40:04.389+05:30  INFO 1372 --- [payment-service] [           main] com.netflix.discovery.DiscoveryClient    : Registered Applications size is zero : true
2026-05-23T12:40:04.392+05:30  INFO 1372 --- [payment-service] [           main] com.netflix.discovery.DiscoveryClient    : Application version is -1: true
2026-05-23T12:40:04.392+05:30  INFO 1372 --- [payment-service] [           main] com.netflix.discovery.DiscoveryClient    : Getting all instance registry info from the eureka server
2026-05-23T12:40:04.816+05:30  INFO 1372 --- [payment-service] [           main] com.netflix.discovery.DiscoveryClient    : The response status is 200
2026-05-23T12:40:04.826+05:30  INFO 1372 --- [payment-service] [           main] com.netflix.discovery.DiscoveryClient    : Starting heartbeat executor: renew interval is: 30
2026-05-23T12:40:04.833+05:30  INFO 1372 --- [payment-service] [           main] c.n.discovery.InstanceInfoReplicator     : InstanceInfoReplicator onDemand update allowed rate per min is 4
2026-05-23T12:40:04.840+05:30  INFO 1372 --- [payment-service] [           main] com.netflix.discovery.DiscoveryClient    : Discovery Client initialized at timestamp 1779520204838 with initial instances count: 4
2026-05-23T12:40:04.843+05:30  INFO 1372 --- [payment-service] [           main] o.s.c.n.e.s.EurekaServiceRegistry        : Registering application PAYMENT-SERVICE with eureka with status UP
2026-05-23T12:40:04.843+05:30  INFO 1372 --- [payment-service] [           main] com.netflix.discovery.DiscoveryClient    : Saw local status change event StatusChangeEvent [timestamp=1779520204843, current=UP, previous=STARTING]
2026-05-23T12:40:04.853+05:30  INFO 1372 --- [payment-service] [nfoReplicator-0] com.netflix.discovery.DiscoveryClient    : DiscoveryClient_PAYMENT-SERVICE/payment-service:8084: registering service...
2026-05-23T12:40:04.886+05:30  INFO 1372 --- [payment-service] [           main] o.s.b.w.embedded.tomcat.TomcatWebServer  : Tomcat started on port 8084 (http) with context path ''
2026-05-23T12:40:04.887+05:30  INFO 1372 --- [payment-service] [           main] .s.c.n.e.s.EurekaAutoServiceRegistration : Updating port to 8084
2026-05-23T12:40:04.904+05:30  INFO 1372 --- [payment-service] [nfoReplicator-0] com.netflix.discovery.DiscoveryClient    : DiscoveryClient_PAYMENT-SERVICE/payment-service:8084 - registration status: 204
2026-05-23T12:40:05.053+05:30  INFO 1372 --- [payment-service] [           main] c.i.payment.PaymentServiceApplication    : Started PaymentServiceApplication in 9.554 seconds (process running for 10.401)
2026-05-23T12:41:06.271+05:30  INFO 1372 --- [payment-service] [nio-8084-exec-1] o.a.c.c.C.[Tomcat].[localhost].[/]       : Initializing Spring DispatcherServlet 'dispatcherServlet'
2026-05-23T12:41:06.271+05:30  INFO 1372 --- [payment-service] [nio-8084-exec-1] o.s.web.servlet.DispatcherServlet        : Initializing Servlet 'dispatcherServlet'
2026-05-23T12:41:06.280+05:30  INFO 1372 --- [payment-service] [nio-8084-exec-1] o.s.web.servlet.DispatcherServlet        : Completed initialization in 9 ms
2026-05-23T12:41:06.381+05:30  INFO 1372 --- [payment-service] [nio-8084-exec-1] c.i.p.controller.PaymentController       : POST /payments - bookingId=1
2026-05-23T12:41:06.394+05:30  INFO 1372 --- [payment-service] [nio-8084-exec-1] c.i.payment.service.PaymentServiceImpl   : Processing payment for bookingId=1, amount=3200.0, mode=UPI
Hibernate: 
    insert 
    into
        payments
        (amount, booking_id, payment_date, payment_mode, payment_status, transaction_id, id) 
    values
        (?, ?, ?, ?, ?, ?, default)
2026-05-23T12:41:06.455+05:30  INFO 1372 --- [payment-service] [nio-8084-exec-1] c.i.payment.service.PaymentServiceImpl   : Payment TXN-21BD98CC for bookingId=1 - status: SUCCESS
2026-05-23T12:41:06.496+05:30  INFO 1372 --- [payment-service] [nio-8084-exec-2] c.i.p.controller.PaymentController       : POST /payments - bookingId=1
2026-05-23T12:41:06.496+05:30  INFO 1372 --- [payment-service] [nio-8084-exec-2] c.i.payment.service.PaymentServiceImpl   : Processing payment for bookingId=1, amount=3200.0, mode=CREDIT_CARD
Hibernate: 
    insert 
    into
        payments
        (amount, booking_id, payment_date, payment_mode, payment_status, transaction_id, id) 
    values
        (?, ?, ?, ?, ?, ?, default)
2026-05-23T12:41:06.499+05:30  INFO 1372 --- [payment-service] [nio-8084-exec-2] c.i.payment.service.PaymentServiceImpl   : Payment TXN-9CFEE442 for bookingId=1 - status: SUCCESS
Hibernate: 
    select
        p1_0.id,
        p1_0.amount,
        p1_0.booking_id,
        p1_0.payment_date,
        p1_0.payment_mode,
        p1_0.payment_status,
        p1_0.transaction_id 
    from
        payments p1_0 
    where
        p1_0.id=?
Hibernate: 
    select
        p1_0.id,
        p1_0.amount,
        p1_0.booking_id,
        p1_0.payment_date,
        p1_0.payment_mode,
        p1_0.payment_status,
        p1_0.transaction_id 
    from
        payments p1_0 
    where
        p1_0.booking_id=?
2026-05-23T12:41:06.675+05:30  INFO 1372 --- [payment-service] [nio-8084-exec-5] c.i.p.controller.PaymentController       : PUT /payments/1/refund
Hibernate: 
    select
        p1_0.id,
        p1_0.amount,
        p1_0.booking_id,
        p1_0.payment_date,
        p1_0.payment_mode,
        p1_0.payment_status,
        p1_0.transaction_id 
    from
        payments p1_0 
    where
        p1_0.id=?
2026-05-23T12:41:06.679+05:30  INFO 1372 --- [payment-service] [nio-8084-exec-5] c.i.payment.service.PaymentServiceImpl   : Payment TXN-21BD98CC refunded
Hibernate: 
    update
        payments 
    set
        amount=?,
        booking_id=?,
        payment_mode=?,
        payment_status=?,
        transaction_id=? 
    where
        id=?
[INFO] ------------------------------------------------------------------------