[INFO] Scanning for projects...
[INFO] 
[INFO] ----------------------< com.irctc:train-service >-----------------------
[INFO] Building train-service 1.0.0
[INFO]   from pom.xml
[INFO] --------------------------------[ jar ]---------------------------------
[INFO] 
[INFO] >>> spring-boot:3.2.0:run (default-cli) > test-compile @ train-service >>>
[INFO] 
[INFO] --- resources:3.3.1:resources (default-resources) @ train-service ---
[INFO] Copying 1 resource from src\main\resources to target\classes
[INFO] Copying 0 resource from src\main\resources to target\classes
[INFO] 
[INFO] --- compiler:3.11.0:compile (default-compile) @ train-service ---
[INFO] Nothing to compile - all classes are up to date
[INFO] 
[INFO] --- resources:3.3.1:testResources (default-testResources) @ train-service ---
[INFO] skip non existing resourceDirectory C:\Users\Admin\SourceCode\MyTicket-Booking-System\train-service\src\test\resources
[INFO] 
[INFO] --- compiler:3.11.0:testCompile (default-testCompile) @ train-service ---
[INFO] No sources to compile
[INFO] 
[INFO] <<< spring-boot:3.2.0:run (default-cli) < test-compile @ train-service <<<
[INFO] 
[INFO] 
[INFO] --- spring-boot:3.2.0:run (default-cli) @ train-service ---
[INFO] Attaching agents: []

  .   ____          _            __ _ _
 /\\ / ___'_ __ _ _(_)_ __  __ _ \ \ \ \
( ( )\___ | '_ | '_| | '_ \/ _` | \ \ \ \
 \\/  ___)| |_)| | | | | || (_| |  ) ) ) )
  '  |____| .__|_| |_|_| |_\__, | / / / /
 =========|_|==============|___/=/_/_/_/
 :: Spring Boot ::                (v3.2.0)

2026-05-23T12:39:33.046+05:30  INFO 16936 --- [train-service] [           main] c.irctc.train.TrainServiceApplication    : Starting TrainServiceApplication using Java 17.0.12 with PID 16936 (C:\Users\Admin\SourceCode\MyTicket-Booking-System\train-service\target\classes started by Admin in C:\Users\Admin\SourceCode\MyTicket-Booking-System\train-service)
2026-05-23T12:39:33.051+05:30  INFO 16936 --- [train-service] [           main] c.irctc.train.TrainServiceApplication    : No active profile set, falling back to 1 default profile: "default"
2026-05-23T12:39:34.656+05:30  INFO 16936 --- [train-service] [           main] .s.d.r.c.RepositoryConfigurationDelegate : Bootstrapping Spring Data JPA repositories in DEFAULT mode.
2026-05-23T12:39:34.869+05:30  INFO 16936 --- [train-service] [           main] .s.d.r.c.RepositoryConfigurationDelegate : Finished Spring Data repository scanning in 191 ms. Found 1 JPA repository interface.
2026-05-23T12:39:35.312+05:30  INFO 16936 --- [train-service] [           main] o.s.cloud.context.scope.GenericScope     : BeanFactory id=c1a11445-7509-3f60-87e4-e16b355d1b24
2026-05-23T12:39:35.837+05:30  WARN 16936 --- [train-service] [           main] trationDelegate$BeanPostProcessorChecker : Bean 'org.springframework.cloud.client.loadbalancer.LoadBalancerAutoConfiguration$LoadBalancerInterceptorConfig' of type [org.springframework.cloud.client.loadbalancer.LoadBalancerAutoConfiguration$LoadBalancerInterceptorConfig] is not eligible for getting processed by all BeanPostProcessors (for example: not eligible for auto-proxying). The currently created BeanPostProcessor [lbRestClientPostProcessor] is declared through a non-static factory method on that class; consider declaring it as static instead.
2026-05-23T12:39:35.854+05:30  WARN 16936 --- [train-service] [           main] trationDelegate$BeanPostProcessorChecker : Bean 'org.springframework.cloud.loadbalancer.config.BlockingLoadBalancerClientAutoConfiguration' of type [org.springframework.cloud.loadbalancer.config.BlockingLoadBalancerClientAutoConfiguration] is not eligible for getting processed by all BeanPostProcessors (for example: not eligible for auto-proxying). Is this bean getting eagerly injected into a currently created BeanPostProcessor [lbRestClientPostProcessor]? Check the corresponding BeanPostProcessor declaration and its dependencies.
2026-05-23T12:39:35.859+05:30  WARN 16936 --- [train-service] [           main] trationDelegate$BeanPostProcessorChecker : Bean 'org.springframework.cloud.loadbalancer.config.LoadBalancerAutoConfiguration' of type [org.springframework.cloud.loadbalancer.config.LoadBalancerAutoConfiguration] is not eligible for getting processed by all BeanPostProcessors (for example: not eligible for auto-proxying). Is this bean getting eagerly injected into a currently created BeanPostProcessor [lbRestClientPostProcessor]? Check the corresponding BeanPostProcessor declaration and its dependencies.
2026-05-23T12:39:35.877+05:30  WARN 16936 --- [train-service] [           main] trationDelegate$BeanPostProcessorChecker : Bean 'org.springframework.cloud.commons.config.CommonsConfigAutoConfiguration' of type [org.springframework.cloud.commons.config.CommonsConfigAutoConfiguration] is not eligible for getting processed by all BeanPostProcessors (for example: not eligible for auto-proxying). Is this bean getting eagerly injected into a currently created BeanPostProcessor [lbRestClientPostProcessor]? Check the corresponding BeanPostProcessor declaration and its dependencies.
2026-05-23T12:39:35.882+05:30  WARN 16936 --- [train-service] [           main] trationDelegate$BeanPostProcessorChecker : Bean 'org.springframework.cloud.client.loadbalancer.LoadBalancerDefaultMappingsProviderAutoConfiguration' of type [org.springframework.cloud.client.loadbalancer.LoadBalancerDefaultMappingsProviderAutoConfiguration] is not eligible for getting processed by all BeanPostProcessors (for example: not eligible for auto-proxying). Is this bean getting eagerly injected into a currently created BeanPostProcessor [lbRestClientPostProcessor]? Check the corresponding BeanPostProcessor declaration and its dependencies.
2026-05-23T12:39:35.886+05:30  WARN 16936 --- [train-service] [           main] trationDelegate$BeanPostProcessorChecker : Bean 'loadBalancerClientsDefaultsMappingsProvider' of type [org.springframework.cloud.client.loadbalancer.LoadBalancerDefaultMappingsProviderAutoConfiguration$$Lambda$600/0x00000293b6469a20] is not eligible for getting processed by all BeanPostProcessors (for example: not eligible for auto-proxying). Is this bean getting eagerly injected into a currently created BeanPostProcessor [lbRestClientPostProcessor]? Check the corresponding BeanPostProcessor declaration and its dependencies.
2026-05-23T12:39:35.892+05:30  WARN 16936 --- [train-service] [           main] trationDelegate$BeanPostProcessorChecker : Bean 'defaultsBindHandlerAdvisor' of type [org.springframework.cloud.commons.config.DefaultsBindHandlerAdvisor] is not eligible for getting processed by all BeanPostProcessors (for example: not eligible for auto-proxying). Is this bean getting eagerly injected into a currently created BeanPostProcessor [lbRestClientPostProcessor]? Check the corresponding BeanPostProcessor declaration and its dependencies.
2026-05-23T12:39:35.904+05:30  WARN 16936 --- [train-service] [           main] trationDelegate$BeanPostProcessorChecker : Bean 'spring.cloud.loadbalancer-org.springframework.cloud.client.loadbalancer.LoadBalancerClientsProperties' of type [org.springframework.cloud.client.loadbalancer.LoadBalancerClientsProperties] is not eligible for getting processed by all BeanPostProcessors (for example: not eligible for auto-proxying). Is this bean getting eagerly injected into a currently created BeanPostProcessor [lbRestClientPostProcessor]? Check the corresponding BeanPostProcessor declaration and its dependencies.
2026-05-23T12:39:35.917+05:30  WARN 16936 --- [train-service] [           main] trationDelegate$BeanPostProcessorChecker : Bean 'default.org.springframework.cloud.loadbalancer.config.LoadBalancerAutoConfiguration.LoadBalancerClientSpecification' of type [org.springframework.cloud.loadbalancer.annotation.LoadBalancerClientSpecification] is not eligible for getting processed by all BeanPostProcessors (for example: not eligible for auto-proxying). Is this bean getting eagerly injected into a currently created BeanPostProcessor [lbRestClientPostProcessor]? Check the corresponding BeanPostProcessor declaration and its dependencies.
2026-05-23T12:39:35.923+05:30  WARN 16936 --- [train-service] [           main] trationDelegate$BeanPostProcessorChecker : Bean 'default.org.springframework.cloud.loadbalancer.config.BlockingLoadBalancerClientAutoConfiguration.LoadBalancerClientSpecification' of type [org.springframework.cloud.loadbalancer.annotation.LoadBalancerClientSpecification] is not eligible for getting processed by all BeanPostProcessors (for example: not eligible for auto-proxying). Is this bean getting eagerly injected into a currently created BeanPostProcessor [lbRestClientPostProcessor]? Check the corresponding BeanPostProcessor declaration and its dependencies.
2026-05-23T12:39:35.925+05:30  WARN 16936 --- [train-service] [           main] trationDelegate$BeanPostProcessorChecker : Bean 'default.org.springframework.cloud.netflix.eureka.loadbalancer.LoadBalancerEurekaAutoConfiguration.LoadBalancerClientSpecification' of type [org.springframework.cloud.loadbalancer.annotation.LoadBalancerClientSpecification] is not eligible for getting processed by all BeanPostProcessors (for example: not eligible for auto-proxying). Is this bean getting eagerly injected into a currently created BeanPostProcessor [lbRestClientPostProcessor]? Check the corresponding BeanPostProcessor declaration and its dependencies.
2026-05-23T12:39:35.928+05:30  WARN 16936 --- [train-service] [           main] trationDelegate$BeanPostProcessorChecker : Bean 'loadBalancerClientFactory' of type [org.springframework.cloud.loadbalancer.support.LoadBalancerClientFactory] is not eligible for getting processed by all BeanPostProcessors (for example: not eligible for auto-proxying). Is this bean getting eagerly injected into a currently created BeanPostProcessor [lbRestClientPostProcessor]? Check the corresponding BeanPostProcessor declaration and its dependencies.
2026-05-23T12:39:35.940+05:30  WARN 16936 --- [train-service] [           main] trationDelegate$BeanPostProcessorChecker : Bean 'blockingLoadBalancerClient' of type [org.springframework.cloud.loadbalancer.blocking.client.BlockingLoadBalancerClient] is not eligible for getting processed by all BeanPostProcessors (for example: not eligible for auto-proxying). Is this bean getting eagerly injected into a currently created BeanPostProcessor [lbRestClientPostProcessor]? Check the corresponding BeanPostProcessor declaration and its dependencies.
2026-05-23T12:39:35.971+05:30  WARN 16936 --- [train-service] [           main] trationDelegate$BeanPostProcessorChecker : Bean 'loadBalancerServiceInstanceCookieTransformer' of type [org.springframework.cloud.loadbalancer.core.LoadBalancerServiceInstanceCookieTransformer] is not eligible for getting processed by all BeanPostProcessors (for example: not eligible for auto-proxying). Is this bean getting eagerly injected into a currently created BeanPostProcessor [lbRestClientPostProcessor]? Check the corresponding BeanPostProcessor declaration and its dependencies.
2026-05-23T12:39:35.975+05:30  WARN 16936 --- [train-service] [           main] trationDelegate$BeanPostProcessorChecker : Bean 'xForwarderHeadersTransformer' of type [org.springframework.cloud.loadbalancer.blocking.XForwardedHeadersTransformer] is not eligible for getting processed by all BeanPostProcessors (for example: not eligible for auto-proxying). Is this bean getting eagerly injected into a currently created BeanPostProcessor [lbRestClientPostProcessor]? Check the corresponding BeanPostProcessor declaration and its dependencies.
2026-05-23T12:39:35.980+05:30  WARN 16936 --- [train-service] [           main] trationDelegate$BeanPostProcessorChecker : Bean 'org.springframework.cloud.client.loadbalancer.LoadBalancerAutoConfiguration' of type [org.springframework.cloud.client.loadbalancer.LoadBalancerAutoConfiguration] is not eligible for getting processed by all BeanPostProcessors (for example: not eligible for auto-proxying). Is this bean getting eagerly injected into a currently created BeanPostProcessor [lbRestClientPostProcessor]? Check the corresponding BeanPostProcessor declaration and its dependencies.
2026-05-23T12:39:35.985+05:30  WARN 16936 --- [train-service] [           main] trationDelegate$BeanPostProcessorChecker : Bean 'loadBalancerRequestFactory' of type [org.springframework.cloud.client.loadbalancer.LoadBalancerRequestFactory] is not eligible for getting processed by all BeanPostProcessors (for example: not eligible for auto-proxying). Is this bean getting eagerly injected into a currently created BeanPostProcessor [lbRestClientPostProcessor]? Check the corresponding BeanPostProcessor declaration and its dependencies.
2026-05-23T12:39:35.989+05:30  WARN 16936 --- [train-service] [           main] trationDelegate$BeanPostProcessorChecker : Bean 'loadBalancerInterceptor' of type [org.springframework.cloud.client.loadbalancer.LoadBalancerInterceptor] is not eligible for getting processed by all BeanPostProcessors (for example: not eligible for auto-proxying). Is this bean getting eagerly injected into a currently created BeanPostProcessor [lbRestClientPostProcessor]? Check the corresponding BeanPostProcessor declaration and its dependencies.
2026-05-23T12:39:36.699+05:30  INFO 16936 --- [train-service] [           main] o.s.b.w.embedded.tomcat.TomcatWebServer  : Tomcat initialized with port 8082 (http)
2026-05-23T12:39:36.726+05:30  INFO 16936 --- [train-service] [           main] o.apache.catalina.core.StandardService   : Starting service [Tomcat]
2026-05-23T12:39:36.727+05:30  INFO 16936 --- [train-service] [           main] o.apache.catalina.core.StandardEngine    : Starting Servlet engine: [Apache Tomcat/10.1.16]
2026-05-23T12:39:36.912+05:30  INFO 16936 --- [train-service] [           main] o.a.c.c.C.[Tomcat].[localhost].[/]       : Initializing Spring embedded WebApplicationContext
2026-05-23T12:39:36.915+05:30  INFO 16936 --- [train-service] [           main] w.s.c.ServletWebServerApplicationContext : Root WebApplicationContext: initialization completed in 3778 ms
2026-05-23T12:39:37.241+05:30  INFO 16936 --- [train-service] [           main] com.zaxxer.hikari.HikariDataSource       : HikariPool-1 - Starting...
2026-05-23T12:39:37.745+05:30  INFO 16936 --- [train-service] [           main] com.zaxxer.hikari.pool.HikariPool        : HikariPool-1 - Added connection conn0: url=jdbc:h2:mem:ticket_booking_trains user=SA
2026-05-23T12:39:37.761+05:30  INFO 16936 --- [train-service] [           main] com.zaxxer.hikari.HikariDataSource       : HikariPool-1 - Start completed.
2026-05-23T12:39:37.787+05:30  INFO 16936 --- [train-service] [           main] o.s.b.a.h2.H2ConsoleAutoConfiguration    : H2 console available at '/h2-console'. Database available at 'jdbc:h2:mem:ticket_booking_trains'
2026-05-23T12:39:38.338+05:30  INFO 16936 --- [train-service] [           main] o.hibernate.jpa.internal.util.LogHelper  : HHH000204: Processing PersistenceUnitInfo [name: default]
2026-05-23T12:39:38.477+05:30  INFO 16936 --- [train-service] [           main] org.hibernate.Version                    : HHH000412: Hibernate ORM core version 6.3.1.Final
2026-05-23T12:39:38.612+05:30  INFO 16936 --- [train-service] [           main] o.h.c.internal.RegionFactoryInitiator    : HHH000026: Second-level cache disabled
2026-05-23T12:39:39.150+05:30  INFO 16936 --- [train-service] [           main] o.s.o.j.p.SpringPersistenceUnitInfo      : No LoadTimeWeaver setup: ignoring JPA class transformer
2026-05-23T12:39:39.256+05:30  WARN 16936 --- [train-service] [           main] org.hibernate.orm.deprecation            : HHH90000025: H2Dialect does not need to be specified explicitly using 'hibernate.dialect' (remove the property setting and it will be selected by default)
2026-05-23T12:39:41.268+05:30  INFO 16936 --- [train-service] [           main] o.h.e.t.j.p.i.JtaPlatformInitiator       : HHH000489: No JTA platform available (set 'hibernate.transaction.jta.platform' to enable JTA platform integration)
Hibernate: 
    create table trains (
        id bigint generated by default as identity,
        available_seats integer not null,
        destination varchar(255) not null,
        fare float(53) not null,
        source varchar(255) not null,
        train_name varchar(255) not null,
        train_number varchar(10) not null,
        primary key (id)
    )
Hibernate: 
    alter table if exists trains 
       drop constraint if exists UK_dlkwl1181821gq3pp6drxnuej
Hibernate: 
    alter table if exists trains 
       add constraint UK_dlkwl1181821gq3pp6drxnuej unique (train_number)
2026-05-23T12:39:41.430+05:30  INFO 16936 --- [train-service] [           main] j.LocalContainerEntityManagerFactoryBean : Initialized JPA EntityManagerFactory for persistence unit 'default'
2026-05-23T12:39:42.379+05:30  INFO 16936 --- [train-service] [           main] o.s.d.j.r.query.QueryEnhancerFactory     : Hibernate is in classpath; If applicable, HQL parser will be used.
2026-05-23T12:39:43.535+05:30  WARN 16936 --- [train-service] [           main] JpaBaseConfiguration$JpaWebConfiguration : spring.jpa.open-in-view is enabled by default. Therefore, database queries may be performed during view rendering. Explicitly configure spring.jpa.open-in-view to disable this warning
2026-05-23T12:39:45.398+05:30  INFO 16936 --- [train-service] [           main] DiscoveryClientOptionalArgsConfiguration : Eureka HTTP Client uses RestTemplate.
2026-05-23T12:39:45.491+05:30  WARN 16936 --- [train-service] [           main] iguration$LoadBalancerCaffeineWarnLogger : Spring Cloud LoadBalancer is currently working with the default cache. While this cache implementation is useful for development and tests, it's recommended to use Caffeine cache in production.You can switch to using Caffeine cache, by adding it and org.springframework.cache.caffeine.CaffeineCacheManager to the classpath.
2026-05-23T12:39:45.513+05:30  INFO 16936 --- [train-service] [           main] o.s.b.a.e.web.EndpointLinksResolver      : Exposing 2 endpoint(s) beneath base path '/actuator'
2026-05-23T12:39:45.660+05:30  INFO 16936 --- [train-service] [           main] o.s.c.n.eureka.InstanceInfoFactory       : Setting initial instance status as: STARTING
2026-05-23T12:39:45.784+05:30  INFO 16936 --- [train-service] [           main] com.netflix.discovery.DiscoveryClient    : Initializing Eureka in region us-east-1
2026-05-23T12:39:45.792+05:30  INFO 16936 --- [train-service] [           main] c.n.d.s.r.aws.ConfigClusterResolver      : Resolving eureka endpoints via configuration
2026-05-23T12:39:45.833+05:30  INFO 16936 --- [train-service] [           main] com.netflix.discovery.DiscoveryClient    : Disable delta property : false
2026-05-23T12:39:45.833+05:30  INFO 16936 --- [train-service] [           main] com.netflix.discovery.DiscoveryClient    : Single vip registry refresh property : null
2026-05-23T12:39:45.833+05:30  INFO 16936 --- [train-service] [           main] com.netflix.discovery.DiscoveryClient    : Force full registry fetch : false
2026-05-23T12:39:45.834+05:30  INFO 16936 --- [train-service] [           main] com.netflix.discovery.DiscoveryClient    : Application is null : false
2026-05-23T12:39:45.834+05:30  INFO 16936 --- [train-service] [           main] com.netflix.discovery.DiscoveryClient    : Registered Applications size is zero : true
2026-05-23T12:39:45.836+05:30  INFO 16936 --- [train-service] [           main] com.netflix.discovery.DiscoveryClient    : Application version is -1: true
2026-05-23T12:39:45.836+05:30  INFO 16936 --- [train-service] [           main] com.netflix.discovery.DiscoveryClient    : Getting all instance registry info from the eureka server
2026-05-23T12:39:46.420+05:30  INFO 16936 --- [train-service] [           main] com.netflix.discovery.DiscoveryClient    : The response status is 200
2026-05-23T12:39:46.433+05:30  INFO 16936 --- [train-service] [           main] com.netflix.discovery.DiscoveryClient    : Starting heartbeat executor: renew interval is: 30
2026-05-23T12:39:46.439+05:30  INFO 16936 --- [train-service] [           main] c.n.discovery.InstanceInfoReplicator     : InstanceInfoReplicator onDemand update allowed rate per min is 4
2026-05-23T12:39:46.445+05:30  INFO 16936 --- [train-service] [           main] com.netflix.discovery.DiscoveryClient    : Discovery Client initialized at timestamp 1779520186444 with initial instances count: 1
2026-05-23T12:39:46.460+05:30  INFO 16936 --- [train-service] [           main] o.s.c.n.e.s.EurekaServiceRegistry        : Registering application TRAIN-SERVICE with eureka with status UP
2026-05-23T12:39:46.462+05:30  INFO 16936 --- [train-service] [           main] com.netflix.discovery.DiscoveryClient    : Saw local status change event StatusChangeEvent [timestamp=1779520186462, current=UP, previous=STARTING]
2026-05-23T12:39:46.465+05:30  INFO 16936 --- [train-service] [nfoReplicator-0] com.netflix.discovery.DiscoveryClient    : DiscoveryClient_TRAIN-SERVICE/train-service:8082: registering service...
2026-05-23T12:39:46.502+05:30  INFO 16936 --- [train-service] [           main] o.s.b.w.embedded.tomcat.TomcatWebServer  : Tomcat started on port 8082 (http) with context path ''
2026-05-23T12:39:46.503+05:30  INFO 16936 --- [train-service] [           main] .s.c.n.e.s.EurekaAutoServiceRegistration : Updating port to 8082
2026-05-23T12:39:46.530+05:30  INFO 16936 --- [train-service] [nfoReplicator-0] com.netflix.discovery.DiscoveryClient    : DiscoveryClient_TRAIN-SERVICE/train-service:8082 - registration status: 204
2026-05-23T12:39:46.737+05:30  INFO 16936 --- [train-service] [           main] c.irctc.train.TrainServiceApplication    : Started TrainServiceApplication in 14.731 seconds (process running for 15.563)
2026-05-23T12:41:05.152+05:30  INFO 16936 --- [train-service] [nio-8082-exec-1] o.a.c.c.C.[Tomcat].[localhost].[/]       : Initializing Spring DispatcherServlet 'dispatcherServlet'
2026-05-23T12:41:05.152+05:30  INFO 16936 --- [train-service] [nio-8082-exec-1] o.s.web.servlet.DispatcherServlet        : Initializing Servlet 'dispatcherServlet'
2026-05-23T12:41:05.158+05:30  INFO 16936 --- [train-service] [nio-8082-exec-1] o.s.web.servlet.DispatcherServlet        : Completed initialization in 6 ms
2026-05-23T12:41:05.272+05:30  INFO 16936 --- [train-service] [nio-8082-exec-1] c.irctc.train.service.TrainServiceImpl   : Creating train: 12626
Hibernate: 
    select
        t1_0.id 
    from
        trains t1_0 
    where
        t1_0.train_number=? 
    fetch
        first ? rows only
Hibernate: 
    insert 
    into
        trains
        (available_seats, destination, fare, source, train_name, train_number, id) 
    values
        (?, ?, ?, ?, ?, ?, default)
2026-05-23T12:41:05.393+05:30  INFO 16936 --- [train-service] [nio-8082-exec-1] c.irctc.train.service.TrainServiceImpl   : Train created with ID: 1
2026-05-23T12:41:05.440+05:30  INFO 16936 --- [train-service] [nio-8082-exec-2] c.irctc.train.service.TrainServiceImpl   : Creating train: 12301
Hibernate: 
    select
        t1_0.id 
    from
        trains t1_0 
    where
        t1_0.train_number=? 
    fetch
        first ? rows only
Hibernate: 
    insert 
    into
        trains
        (available_seats, destination, fare, source, train_name, train_number, id) 
    values
        (?, ?, ?, ?, ?, ?, default)
2026-05-23T12:41:05.444+05:30  INFO 16936 --- [train-service] [nio-8082-exec-2] c.irctc.train.service.TrainServiceImpl   : Train created with ID: 2
Hibernate: 
    select
        t1_0.id,
        t1_0.available_seats,
        t1_0.destination,
        t1_0.fare,
        t1_0.source,
        t1_0.train_name,
        t1_0.train_number 
    from
        trains t1_0
Hibernate: 
    select
        t1_0.id,
        t1_0.available_seats,
        t1_0.destination,
        t1_0.fare,
        t1_0.source,
        t1_0.train_name,
        t1_0.train_number 
    from
        trains t1_0 
    where
        t1_0.id=?
Hibernate: 
    select
        t1_0.id,
        t1_0.available_seats,
        t1_0.destination,
        t1_0.fare,
        t1_0.source,
        t1_0.train_name,
        t1_0.train_number 
    from
        trains t1_0 
    where
        t1_0.id=?
Hibernate: 
    select
        t1_0.id 
    from
        trains t1_0 
    where
        t1_0.train_number=? 
        and t1_0.id!=? 
    fetch
        first ? rows only
Hibernate: 
    update
        trains 
    set
        available_seats=?,
        destination=?,
        fare=?,
        source=?,
        train_name=?,
        train_number=? 
    where
        id=?
Hibernate: 
    select
        t1_0.id,
        t1_0.available_seats,
        t1_0.destination,
        t1_0.fare,
        t1_0.source,
        t1_0.train_name,
        t1_0.train_number 
    from
        trains t1_0 
    where
        t1_0.id=?
2026-05-23T12:41:05.956+05:30  INFO 16936 --- [train-service] [nio-8082-exec-7] c.i.train.controller.TrainController     : Seat update request for train ID: 1, seats to reduce: 2
2026-05-23T12:41:05.956+05:30  INFO 16936 --- [train-service] [nio-8082-exec-7] c.irctc.train.service.TrainServiceImpl   : Reducing 2 seats for train ID: 1
Hibernate: 
    update
        trains 
    set
        available_seats=(available_seats-cast(? as integer)) 
    where
        id=? 
        and available_seats>=?
Hibernate: 
    select
        t1_0.id,
        t1_0.available_seats,
        t1_0.destination,
        t1_0.fare,
        t1_0.source,
        t1_0.train_name,
        t1_0.train_number 
    from
        trains t1_0 
    where
        t1_0.id=?
Hibernate: 
    select
        t1_0.id,
        t1_0.available_seats,
        t1_0.destination,
        t1_0.fare,
        t1_0.source,
        t1_0.train_name,
        t1_0.train_number 
    from
        trains t1_0 
    where
        t1_0.id=?
Hibernate: 
    select
        t1_0.id,
        t1_0.available_seats,
        t1_0.destination,
        t1_0.fare,
        t1_0.source,
        t1_0.train_name,
        t1_0.train_number 
    from
        trains t1_0 
    where
        t1_0.id=?
2026-05-23T12:41:06.711+05:30  INFO 16936 --- [train-service] [nio-8082-exec-1] c.i.train.controller.TrainController     : Seat release request for train ID: 1, seats to restore: 2
2026-05-23T12:41:06.711+05:30  INFO 16936 --- [train-service] [nio-8082-exec-1] c.irctc.train.service.TrainServiceImpl   : Restoring 2 seats for train ID: 1
Hibernate: 
    update
        trains 
    set
        available_seats=(available_seats+cast(? as integer)) 
    where
        id=?
Hibernate: 
    select
        t1_0.id,
        t1_0.available_seats,
        t1_0.destination,
        t1_0.fare,
        t1_0.source,
        t1_0.train_name,
        t1_0.train_number 
    from
        trains t1_0 
    where
        t1_0.id=?
Hibernate: 
    select
        t1_0.id,
        t1_0.available_seats,
        t1_0.destination,
        t1_0.fare,
        t1_0.source,
        t1_0.train_name,
        t1_0.train_number 
    from
        trains t1_0 
    where
        t1_0.id=?
Hibernate: 
    select
        t1_0.id,
        t1_0.available_seats,
        t1_0.destination,
        t1_0.fare,
        t1_0.source,
        t1_0.train_name,
        t1_0.train_number 
    from
        trains t1_0 
    where
        t1_0.id=?
Hibernate: 
    select
        count(*) 
    from
        trains t1_0 
    where
        t1_0.id=?
Hibernate: 
    select
        t1_0.id,
        t1_0.available_seats,
        t1_0.destination,
        t1_0.fare,
        t1_0.source,
        t1_0.train_name,
        t1_0.train_number 
    from
        trains t1_0 
    where
        t1_0.id=?
Hibernate: 
    delete 
    from
        trains 
    where
        id=?
[INFO] ------------------------------------------------------------------------
[INFO] BUILD FAILURE
[INFO] ------------------------------------------------------------------------
[INFO] Total time:  01:42 min
[INFO] Finished at: 2026-05-23T12:41:08+05:30
[INFO] ------------------------------------------------------------------------
[ERROR] Failed to execute goal org.springframework.boot:spring-boot-maven-plugin:3.2.0:run (default-cli) on project train-service: Process terminated with exit code: -1 -> [Help 1]
[ERROR] 
[ERROR] To see the full stack trace of the errors, re-run Maven with the -e switch.
[ERROR] Re-run Maven using the -X switch to enable full debug logging.
[ERROR] 
[ERROR] For more information about the errors and possible solutions, please read the following articles:
[ERROR] [Help 1] http://cwiki.apache.org/confluence/display/MAVEN/MojoExecutionException
